# JRE version: Java(TM) SE Runtime Environment (8.0_144-b01) (build 1.8.0_144-b01)
# Java VM: Java HotSpot(TM) 64-Bit Server VM (25.144-b01 mixed mode windows-amd64 compressed oops)
Heap:
 PSYoungGen      total 119808K, used 58037K [0x00000000eab00000, 0x00000000f3e00000, 0x0000000100000000)
  eden space 110080K, 52% used [0x00000000eab00000,0x00000000ee3ad518,0x00000000f1680000)
  from space 9728K, 0% used [0x00000000f2b00000,0x00000000f2b00000,0x00000000f3480000)
  to   space 7168K, 0% used [0x00000000f3700000,0x00000000f3700000,0x00000000f3e00000)
 ParOldGen       total 56832K, used 21102K [0x00000000c0000000, 0x00000000c3780000, 0x00000000eab00000)
  object space 56832K, 37% used [0x00000000c0000000,0x00000000c149b848,0x00000000c3780000)
 Metaspace       used 38007K, capacity 38998K, committed 39208K, reserved 1083392K
  class space    used 5337K, capacity 5667K, committed 5672K, reserved 1048576K
GC Heap History (10 events):
Event: 12.638 GC heap before
{Heap before GC invocations=5 (full 0):
 PSYoungGen      total 71680K, used 25152K [0x00000000eab00000, 0x00000000ef600000, 0x0000000100000000)
  eden space 66560K, 30% used [0x00000000eab00000,0x00000000ebe92198,0x00000000eec00000)
  from space 5120K, 99% used [0x00000000ef100000,0x00000000ef5fe030,0x00000000ef600000)
  to   space 5120K, 0% used [0x00000000eec00000,0x00000000eec00000,0x00000000ef100000)
 ParOldGen       total 87552K, used 6032K [0x00000000c0000000, 0x00000000c5580000, 0x00000000eab00000)
  object space 87552K, 6% used [0x00000000c0000000,0x00000000c05e4068,0x00000000c5580000)
 Metaspace       used 20731K, capacity 21126K, committed 21296K, reserved 1067008K
  class space    used 2958K, capacity 3106K, committed 3200K, reserved 1048576K
Event: 12.650 GC heap after
Heap after GC invocations=5 (full 0):
 PSYoungGen      total 71680K, used 5112K [0x00000000eab00000, 0x00000000f4100000, 0x0000000100000000)
  eden space 66560K, 0% used [0x00000000eab00000,0x00000000eab00000,0x00000000eec00000)
  from space 5120K, 99% used [0x00000000eec00000,0x00000000ef0fe060,0x00000000ef100000)
  to   space 10240K, 0% used [0x00000000f3700000,0x00000000f3700000,0x00000000f4100000)
 ParOldGen       total 87552K, used 9017K [0x00000000c0000000, 0x00000000c5580000, 0x00000000eab00000)
  object space 87552K, 10% used [0x00000000c0000000,0x00000000c08ce500,0x00000000c5580000)
 Metaspace       used 20731K, capacity 21126K, committed 21296K, reserved 1067008K
  class space    used 2958K, capacity 3106K, committed 3200K, reserved 1048576K
}
Event: 12.650 GC heap before
{Heap before GC invocations=6 (full 1):
 PSYoungGen      total 71680K, used 5112K [0x00000000eab00000, 0x00000000f4100000, 0x0000000100000000)
  eden space 66560K, 0% used [0x00000000eab00000,0x00000000eab00000,0x00000000eec00000)
  from space 5120K, 99% used [0x00000000eec00000,0x00000000ef0fe060,0x00000000ef100000)
  to   space 10240K, 0% used [0x00000000f3700000,0x00000000f3700000,0x00000000f4100000)
 ParOldGen       total 87552K, used 9017K [0x00000000c0000000, 0x00000000c5580000, 0x00000000eab00000)
  object space 87552K, 10% used [0x00000000c0000000,0x00000000c08ce500,0x00000000c5580000)
 Metaspace       used 20731K, capacity 21126K, committed 21296K, reserved 1067008K
  class space    used 2958K, capacity 3106K, committed 3200K, reserved 1048576K
Event: 12.739 GC heap after
Heap after GC invocations=6 (full 1):
 PSYoungGen      total 71680K, used 0K [0x00000000eab00000, 0x00000000f4100000, 0x0000000100000000)
  eden space 66560K, 0% used [0x00000000eab00000,0x00000000eab00000,0x00000000eec00000)
  from space 5120K, 0% used [0x00000000eec00000,0x00000000eec00000,0x00000000ef100000)
  to   space 10240K, 0% used [0x00000000f3700000,0x00000000f3700000,0x00000000f4100000)
 ParOldGen       total 56832K, used 8621K [0x00000000c0000000, 0x00000000c3780000, 0x00000000eab00000)
  object space 56832K, 15% used [0x00000000c0000000,0x00000000c086b498,0x00000000c3780000)
 Metaspace       used 20731K, capacity 21126K, committed 21296K, reserved 1067008K
  class space    used 2958K, capacity 3106K, committed 3200K, reserved 1048576K
}
Event: 17.246 GC heap before
{Heap before GC invocations=7 (full 1):
 PSYoungGen      total 71680K, used 66560K [0x00000000eab00000, 0x00000000f4100000, 0x0000000100000000)
  eden space 66560K, 100% used [0x00000000eab00000,0x00000000eec00000,0x00000000eec00000)
  from space 5120K, 0% used [0x00000000eec00000,0x00000000eec00000,0x00000000ef100000)
  to   space 10240K, 0% used [0x00000000f3700000,0x00000000f3700000,0x00000000f4100000)
 ParOldGen       total 56832K, used 8621K [0x00000000c0000000, 0x00000000c3780000, 0x00000000eab00000)
  object space 56832K, 15% used [0x00000000c0000000,0x00000000c086b498,0x00000000c3780000)
 Metaspace       used 26228K, capacity 26802K, committed 27008K, reserved 1073152K
  class space    used 3741K, capacity 3900K, committed 3968K, reserved 1048576K
Event: 17.265 GC heap after
Heap after GC invocations=7 (full 1):
 PSYoungGen      total 117248K, used 6661K [0x00000000eab00000, 0x00000000f3e00000, 0x0000000100000000)
  eden space 110080K, 0% used [0x00000000eab00000,0x00000000eab00000,0x00000000f1680000)
  from space 7168K, 92% used [0x00000000f3700000,0x00000000f3d81428,0x00000000f3e00000)
  to   space 9728K, 0% used [0x00000000f2b00000,0x00000000f2b00000,0x00000000f3480000)
 ParOldGen       total 56832K, used 8629K [0x00000000c0000000, 0x00000000c3780000, 0x00000000eab00000)
  object space 56832K, 15% used [0x00000000c0000000,0x00000000c086d498,0x00000000c3780000)
 Metaspace       used 26228K, capacity 26802K, committed 27008K, reserved 1073152K
  class space    used 3741K, capacity 3900K, committed 3968K, reserved 1048576K
}
Event: 33.372 GC heap before
{Heap before GC invocations=8 (full 1):
 PSYoungGen      total 117248K, used 116541K [0x00000000eab00000, 0x00000000f3e00000, 0x0000000100000000)
  eden space 110080K, 99% used [0x00000000eab00000,0x00000000f164e310,0x00000000f1680000)
  from space 7168K, 92% used [0x00000000f3700000,0x00000000f3d81428,0x00000000f3e00000)
  to   space 9728K, 0% used [0x00000000f2b00000,0x00000000f2b00000,0x00000000f3480000)
 ParOldGen       total 56832K, used 8629K [0x00000000c0000000, 0x00000000c3780000, 0x00000000eab00000)
  object space 56832K, 15% used [0x00000000c0000000,0x00000000c086d498,0x00000000c3780000)
 Metaspace       used 34539K, capacity 35408K, committed 35496K, reserved 1079296K
  class space    used 4936K, capacity 5258K, committed 5288K, reserved 1048576K
Event: 33.443 GC heap after
Heap after GC invocations=8 (full 1):
 PSYoungGen      total 119808K, used 9721K [0x00000000eab00000, 0x00000000f3e00000, 0x0000000100000000)
  eden space 110080K, 0% used [0x00000000eab00000,0x00000000eab00000,0x00000000f1680000)
  from space 9728K, 99% used [0x00000000f2b00000,0x00000000f347e570,0x00000000f3480000)
  to   space 7168K, 0% used [0x00000000f3700000,0x00000000f3700000,0x00000000f3e00000)
 ParOldGen       total 56832K, used 13544K [0x00000000c0000000, 0x00000000c3780000, 0x00000000eab00000)
  object space 56832K, 23% used [0x00000000c0000000,0x00000000c0d3a328,0x00000000c3780000)
 Metaspace       used 34539K, capacity 35408K, committed 35496K, reserved 1079296K
  class space    used 4936K, capacity 5258K, committed 5288K, reserved 1048576K
}
Event: 33.443 GC heap before
{Heap before GC invocations=9 (full 2):
 PSYoungGen      total 119808K, used 9721K [0x00000000eab00000, 0x00000000f3e00000, 0x0000000100000000)
  eden space 110080K, 0% used [0x00000000eab00000,0x00000000eab00000,0x00000000f1680000)
  from space 9728K, 99% used [0x00000000f2b00000,0x00000000f347e570,0x00000000f3480000)
  to   space 7168K, 0% used [0x00000000f3700000,0x00000000f3700000,0x00000000f3e00000)
 ParOldGen       total 56832K, used 13544K [0x00000000c0000000, 0x00000000c3780000, 0x00000000eab00000)
  object space 56832K, 23% used [0x00000000c0000000,0x00000000c0d3a328,0x00000000c3780000)
 Metaspace       used 34539K, capacity 35408K, committed 35496K, reserved 1079296K
  class space    used 4936K, capacity 5258K, committed 5288K, reserved 1048576K
Event: 34.141 GC heap after
Heap after GC invocations=9 (full 2):
 PSYoungGen      total 119808K, used 0K [0x00000000eab00000, 0x00000000f3e00000, 0x0000000100000000)
  eden space 110080K, 0% used [0x00000000eab00000,0x00000000eab00000,0x00000000f1680000)
  from space 9728K, 0% used [0x00000000f2b00000,0x00000000f2b00000,0x00000000f3480000)
  to   space 7168K, 0% used [0x00000000f3700000,0x00000000f3700000,0x00000000f3e00000)
 ParOldGen       total 56832K, used 21102K [0x00000000c0000000, 0x00000000c3780000, 0x00000000eab00000)
  object space 56832K, 37% used [0x00000000c0000000,0x00000000c149b848,0x00000000c3780000)
 Metaspace       used 34539K, capacity 35408K, committed 35496K, reserved 1079296K
  class space    used 4936K, capacity 5258K, committed 5288K, reserved 1048576K
}

